CRITICAL - 2022-11-29 10:38:51 --> Undefined variable: nombre
in APPPATH\Views\templates\sidebar.php on line 34.
 1 APPPATH\Views\templates\sidebar.php(34): CodeIgniter\Debug\Exceptions->errorHandler(8, 'Undefined variable: nombre', 'APPPATH\\Views\\templates\\sidebar.php', 34, [])
 2 SYSTEMPATH\View\View.php(213): include('APPPATH\\Views\\templates\\sidebar.php')
 3 SYSTEMPATH\View\View.php(216): CodeIgniter\View\View->CodeIgniter\View\{closure}()
 4 SYSTEMPATH\View\View.php(431): CodeIgniter\View\View->render('templates/sidebar', null, true)
 5 APPPATH\Views\Login\cambiaPasswordView.php(9): CodeIgniter\View\View->include('templates/sidebar')
 6 SYSTEMPATH\View\View.php(213): include('APPPATH\\Views\\Login\\cambiaPasswordView.php')
 7 SYSTEMPATH\View\View.php(216): CodeIgniter\View\View->CodeIgniter\View\{closure}()
 8 SYSTEMPATH\Common.php(1134): CodeIgniter\View\View->render('Login/cambiaPasswordView', [], true)
 9 APPPATH\Controllers\Login.php(55): view('Login/cambiaPasswordView')
10 SYSTEMPATH\CodeIgniter.php(927): App\Controllers\Login->changePassword()
11 SYSTEMPATH\CodeIgniter.php(482): CodeIgniter\CodeIgniter->runController(Object(App\Controllers\Login))
12 SYSTEMPATH\CodeIgniter.php(351): CodeIgniter\CodeIgniter->handleRequest(null, Object(Config\Cache), false)
13 FCPATH\index.php(67): CodeIgniter\CodeIgniter->run()
14 SYSTEMPATH\Commands\Server\rewrite.php(46): require_once('FCPATH\\index.php')
CRITICAL - 2022-11-29 10:41:03 --> Undefined variable: nombre
in APPPATH\Views\templates\sidebar.php on line 34.
 1 APPPATH\Views\templates\sidebar.php(34): CodeIgniter\Debug\Exceptions->errorHandler(8, 'Undefined variable: nombre', 'APPPATH\\Views\\templates\\sidebar.php', 34, [])
 2 SYSTEMPATH\View\View.php(213): include('APPPATH\\Views\\templates\\sidebar.php')
 3 SYSTEMPATH\View\View.php(216): CodeIgniter\View\View->CodeIgniter\View\{closure}()
 4 SYSTEMPATH\View\View.php(431): CodeIgniter\View\View->render('templates/sidebar', null, true)
 5 APPPATH\Views\Login\cambiaPasswordView.php(9): CodeIgniter\View\View->include('templates/sidebar')
 6 SYSTEMPATH\View\View.php(213): include('APPPATH\\Views\\Login\\cambiaPasswordView.php')
 7 SYSTEMPATH\View\View.php(216): CodeIgniter\View\View->CodeIgniter\View\{closure}()
 8 SYSTEMPATH\Common.php(1134): CodeIgniter\View\View->render('Login/cambiaPasswordView', [], true)
 9 APPPATH\Controllers\Login.php(32): view('Login/cambiaPasswordView')
10 SYSTEMPATH\CodeIgniter.php(927): App\Controllers\Login->login()
11 SYSTEMPATH\CodeIgniter.php(482): CodeIgniter\CodeIgniter->runController(Object(App\Controllers\Login))
12 SYSTEMPATH\CodeIgniter.php(351): CodeIgniter\CodeIgniter->handleRequest(null, Object(Config\Cache), false)
13 FCPATH\index.php(67): CodeIgniter\CodeIgniter->run()
14 SYSTEMPATH\Commands\Server\rewrite.php(46): require_once('FCPATH\\index.php')
