CRITICAL - 2022-11-24 17:32:56 --> Call to undefined method CodeIgniter\View\View::extends()
in APPPATH\Views\Users\dashboardView.php on line 1.
 1 SYSTEMPATH\View\View.php(213): include()
 2 SYSTEMPATH\View\View.php(216): CodeIgniter\View\View->CodeIgniter\View\{closure}()
 3 SYSTEMPATH\Common.php(1134): CodeIgniter\View\View->render('Users/dashboardView', [], true)
 4 APPPATH\Controllers\Users.php(11): view('Users/dashboardView')
 5 SYSTEMPATH\CodeIgniter.php(927): App\Controllers\Users->index()
 6 SYSTEMPATH\CodeIgniter.php(482): CodeIgniter\CodeIgniter->runController(Object(App\Controllers\Users))
 7 SYSTEMPATH\CodeIgniter.php(351): CodeIgniter\CodeIgniter->handleRequest(null, Object(Config\Cache), false)
 8 FCPATH\index.php(67): CodeIgniter\CodeIgniter->run()
 9 SYSTEMPATH\Commands\Server\rewrite.php(46): require_once('FCPATH\\index.php')
CRITICAL - 2022-11-24 17:33:15 --> Call to undefined method CodeIgniter\View\View::extends()
in APPPATH\Views\Users\dashboardView.php on line 1.
 1 SYSTEMPATH\View\View.php(213): include()
 2 SYSTEMPATH\View\View.php(216): CodeIgniter\View\View->CodeIgniter\View\{closure}()
 3 SYSTEMPATH\Common.php(1134): CodeIgniter\View\View->render('Users/dashboardView', [], true)
 4 APPPATH\Controllers\Users.php(11): view('Users/dashboardView')
 5 SYSTEMPATH\CodeIgniter.php(927): App\Controllers\Users->index()
 6 SYSTEMPATH\CodeIgniter.php(482): CodeIgniter\CodeIgniter->runController(Object(App\Controllers\Users))
 7 SYSTEMPATH\CodeIgniter.php(351): CodeIgniter\CodeIgniter->handleRequest(null, Object(Config\Cache), false)
 8 FCPATH\index.php(67): CodeIgniter\CodeIgniter->run()
 9 SYSTEMPATH\Commands\Server\rewrite.php(46): require_once('FCPATH\\index.php')
CRITICAL - 2022-11-24 17:33:50 --> Call to undefined method CodeIgniter\View\View::extends()
in APPPATH\Views\Users\dashboardView.php on line 1.
 1 SYSTEMPATH\View\View.php(213): include()
 2 SYSTEMPATH\View\View.php(216): CodeIgniter\View\View->CodeIgniter\View\{closure}()
 3 SYSTEMPATH\Common.php(1134): CodeIgniter\View\View->render('Users/dashboardView', [], true)
 4 APPPATH\Controllers\Users.php(11): view('Users/dashboardView')
 5 SYSTEMPATH\CodeIgniter.php(927): App\Controllers\Users->index()
 6 SYSTEMPATH\CodeIgniter.php(482): CodeIgniter\CodeIgniter->runController(Object(App\Controllers\Users))
 7 SYSTEMPATH\CodeIgniter.php(351): CodeIgniter\CodeIgniter->handleRequest(null, Object(Config\Cache), false)
 8 FCPATH\index.php(67): CodeIgniter\CodeIgniter->run()
 9 SYSTEMPATH\Commands\Server\rewrite.php(46): require_once('FCPATH\\index.php')
CRITICAL - 2022-11-24 18:17:45 --> include(template/header): failed to open stream: No such file or directory
in APPPATH\Views\templates\dashboardTemplate.php on line 4.
 1 APPPATH\Views\templates\dashboardTemplate.php(4): CodeIgniter\Debug\Exceptions->errorHandler(2, 'include(template/header): failed to open stream: No such file or directory', 'APPPATH\\Views\\templates\\dashboardTemplate.php', 4, [])
 2 APPPATH\Views\templates\dashboardTemplate.php(4): include()
 3 SYSTEMPATH\View\View.php(213): include('APPPATH\\Views\\templates\\dashboardTemplate.php')
 4 SYSTEMPATH\View\View.php(216): CodeIgniter\View\View->CodeIgniter\View\{closure}()
 5 SYSTEMPATH\View\View.php(229): CodeIgniter\View\View->render('templates/dashboardTemplate', [], true)
 6 SYSTEMPATH\Common.php(1134): CodeIgniter\View\View->render('Users/dashboardView', [], true)
 7 APPPATH\Controllers\Users.php(11): view('Users/dashboardView')
 8 SYSTEMPATH\CodeIgniter.php(927): App\Controllers\Users->index()
 9 SYSTEMPATH\CodeIgniter.php(482): CodeIgniter\CodeIgniter->runController(Object(App\Controllers\Users))
10 SYSTEMPATH\CodeIgniter.php(351): CodeIgniter\CodeIgniter->handleRequest(null, Object(Config\Cache), false)
11 FCPATH\index.php(67): CodeIgniter\CodeIgniter->run()
12 SYSTEMPATH\Commands\Server\rewrite.php(46): require_once('FCPATH\\index.php')
CRITICAL - 2022-11-24 18:17:54 --> include(templates/header): failed to open stream: No such file or directory
in APPPATH\Views\templates\dashboardTemplate.php on line 4.
 1 APPPATH\Views\templates\dashboardTemplate.php(4): CodeIgniter\Debug\Exceptions->errorHandler(2, 'include(templates/header): failed to open stream: No such file or directory', 'APPPATH\\Views\\templates\\dashboardTemplate.php', 4, [])
 2 APPPATH\Views\templates\dashboardTemplate.php(4): include()
 3 SYSTEMPATH\View\View.php(213): include('APPPATH\\Views\\templates\\dashboardTemplate.php')
 4 SYSTEMPATH\View\View.php(216): CodeIgniter\View\View->CodeIgniter\View\{closure}()
 5 SYSTEMPATH\View\View.php(229): CodeIgniter\View\View->render('templates/dashboardTemplate', [], true)
 6 SYSTEMPATH\Common.php(1134): CodeIgniter\View\View->render('Users/dashboardView', [], true)
 7 APPPATH\Controllers\Users.php(11): view('Users/dashboardView')
 8 SYSTEMPATH\CodeIgniter.php(927): App\Controllers\Users->index()
 9 SYSTEMPATH\CodeIgniter.php(482): CodeIgniter\CodeIgniter->runController(Object(App\Controllers\Users))
10 SYSTEMPATH\CodeIgniter.php(351): CodeIgniter\CodeIgniter->handleRequest(null, Object(Config\Cache), false)
11 FCPATH\index.php(67): CodeIgniter\CodeIgniter->run()
12 SYSTEMPATH\Commands\Server\rewrite.php(46): require_once('FCPATH\\index.php')
CRITICAL - 2022-11-24 19:22:15 --> View themes, no current section.
in SYSTEMPATH\View\View.php on line 394.
 1 APPPATH\Views\Users\miListaView.php(18): CodeIgniter\View\View->endSection()
 2 SYSTEMPATH\View\View.php(213): include('APPPATH\\Views\\Users\\miListaView.php')
 3 SYSTEMPATH\View\View.php(216): CodeIgniter\View\View->CodeIgniter\View\{closure}()
 4 SYSTEMPATH\Common.php(1134): CodeIgniter\View\View->render('Users/miListaView', [], true)
 5 APPPATH\Controllers\Users.php(16): view('Users/miListaView')
 6 SYSTEMPATH\CodeIgniter.php(927): App\Controllers\Users->lista()
 7 SYSTEMPATH\CodeIgniter.php(482): CodeIgniter\CodeIgniter->runController(Object(App\Controllers\Users))
 8 SYSTEMPATH\CodeIgniter.php(351): CodeIgniter\CodeIgniter->handleRequest(null, Object(Config\Cache), false)
 9 FCPATH\index.php(67): CodeIgniter\CodeIgniter->run()
10 SYSTEMPATH\Commands\Server\rewrite.php(46): require_once('FCPATH\\index.php')
CRITICAL - 2022-11-24 19:22:35 --> View themes, no current section.
in SYSTEMPATH\View\View.php on line 394.
 1 APPPATH\Views\Users\miListaView.php(18): CodeIgniter\View\View->endSection()
 2 SYSTEMPATH\View\View.php(213): include('APPPATH\\Views\\Users\\miListaView.php')
 3 SYSTEMPATH\View\View.php(216): CodeIgniter\View\View->CodeIgniter\View\{closure}()
 4 SYSTEMPATH\Common.php(1134): CodeIgniter\View\View->render('Users/miListaView', [], true)
 5 APPPATH\Controllers\Users.php(16): view('Users/miListaView')
 6 SYSTEMPATH\CodeIgniter.php(927): App\Controllers\Users->lista()
 7 SYSTEMPATH\CodeIgniter.php(482): CodeIgniter\CodeIgniter->runController(Object(App\Controllers\Users))
 8 SYSTEMPATH\CodeIgniter.php(351): CodeIgniter\CodeIgniter->handleRequest(null, Object(Config\Cache), false)
 9 FCPATH\index.php(67): CodeIgniter\CodeIgniter->run()
10 SYSTEMPATH\Commands\Server\rewrite.php(46): require_once('FCPATH\\index.php')
CRITICAL - 2022-11-24 19:22:45 --> View themes, no current section.
in SYSTEMPATH\View\View.php on line 394.
 1 APPPATH\Views\Users\miListaView.php(18): CodeIgniter\View\View->endSection('card')
 2 SYSTEMPATH\View\View.php(213): include('APPPATH\\Views\\Users\\miListaView.php')
 3 SYSTEMPATH\View\View.php(216): CodeIgniter\View\View->CodeIgniter\View\{closure}()
 4 SYSTEMPATH\Common.php(1134): CodeIgniter\View\View->render('Users/miListaView', [], true)
 5 APPPATH\Controllers\Users.php(16): view('Users/miListaView')
 6 SYSTEMPATH\CodeIgniter.php(927): App\Controllers\Users->lista()
 7 SYSTEMPATH\CodeIgniter.php(482): CodeIgniter\CodeIgniter->runController(Object(App\Controllers\Users))
 8 SYSTEMPATH\CodeIgniter.php(351): CodeIgniter\CodeIgniter->handleRequest(null, Object(Config\Cache), false)
 9 FCPATH\index.php(67): CodeIgniter\CodeIgniter->run()
10 SYSTEMPATH\Commands\Server\rewrite.php(46): require_once('FCPATH\\index.php')
CRITICAL - 2022-11-24 19:23:00 --> Invalid file: card.php
in SYSTEMPATH\Exceptions\FrameworkException.php on line 33.
 1 SYSTEMPATH\View\View.php(201): CodeIgniter\Exceptions\FrameworkException::forInvalidFile('card.php')
 2 APPPATH\Views\templates\miListaTemplate.php(35): CodeIgniter\View\View->render('card')
 3 SYSTEMPATH\View\View.php(213): include('APPPATH\\Views\\templates\\miListaTemplate.php')
 4 SYSTEMPATH\View\View.php(216): CodeIgniter\View\View->CodeIgniter\View\{closure}()
 5 SYSTEMPATH\View\View.php(229): CodeIgniter\View\View->render('templates/miListaTemplate', [], true)
 6 SYSTEMPATH\Common.php(1134): CodeIgniter\View\View->render('Users/miListaView', [], true)
 7 APPPATH\Controllers\Users.php(16): view('Users/miListaView')
 8 SYSTEMPATH\CodeIgniter.php(927): App\Controllers\Users->lista()
 9 SYSTEMPATH\CodeIgniter.php(482): CodeIgniter\CodeIgniter->runController(Object(App\Controllers\Users))
10 SYSTEMPATH\CodeIgniter.php(351): CodeIgniter\CodeIgniter->handleRequest(null, Object(Config\Cache), false)
11 FCPATH\index.php(67): CodeIgniter\CodeIgniter->run()
12 SYSTEMPATH\Commands\Server\rewrite.php(46): require_once('FCPATH\\index.php')
CRITICAL - 2022-11-24 19:23:07 --> Invalid file: card.php
in SYSTEMPATH\Exceptions\FrameworkException.php on line 33.
 1 SYSTEMPATH\View\View.php(201): CodeIgniter\Exceptions\FrameworkException::forInvalidFile('card.php')
 2 APPPATH\Views\templates\miListaTemplate.php(35): CodeIgniter\View\View->render('card')
 3 SYSTEMPATH\View\View.php(213): include('APPPATH\\Views\\templates\\miListaTemplate.php')
 4 SYSTEMPATH\View\View.php(216): CodeIgniter\View\View->CodeIgniter\View\{closure}()
 5 SYSTEMPATH\View\View.php(229): CodeIgniter\View\View->render('templates/miListaTemplate', [], true)
 6 SYSTEMPATH\Common.php(1134): CodeIgniter\View\View->render('Users/miListaView', [], true)
 7 APPPATH\Controllers\Users.php(16): view('Users/miListaView')
 8 SYSTEMPATH\CodeIgniter.php(927): App\Controllers\Users->lista()
 9 SYSTEMPATH\CodeIgniter.php(482): CodeIgniter\CodeIgniter->runController(Object(App\Controllers\Users))
10 SYSTEMPATH\CodeIgniter.php(351): CodeIgniter\CodeIgniter->handleRequest(null, Object(Config\Cache), false)
11 FCPATH\index.php(67): CodeIgniter\CodeIgniter->run()
12 SYSTEMPATH\Commands\Server\rewrite.php(46): require_once('FCPATH\\index.php')
