CRITICAL - 2022-12-02 12:32:42 --> Undefined offset: 0
in APPPATH\Controllers\Users.php on line 34.
 1 APPPATH\Controllers\Users.php(34): CodeIgniter\Debug\Exceptions->errorHandler(8, 'Undefined offset: 0', 'APPPATH\\Controllers\\Users.php', 34, [...])
 2 SYSTEMPATH\CodeIgniter.php(927): App\Controllers\Users->lista()
 3 SYSTEMPATH\CodeIgniter.php(482): CodeIgniter\CodeIgniter->runController(Object(App\Controllers\Users))
 4 SYSTEMPATH\CodeIgniter.php(351): CodeIgniter\CodeIgniter->handleRequest(null, Object(Config\Cache), false)
 5 FCPATH\index.php(67): CodeIgniter\CodeIgniter->run()
 6 SYSTEMPATH\Commands\Server\rewrite.php(46): require_once('FCPATH\\index.php')
ERROR - 2022-12-02 12:36:31 --> mysqli_sql_exception: You have an error in your SQL syntax; check the manual that corresponds to your MariaDB server version for the right syntax to use near 'de wishlist' at line 3 in C:\Users\Victor\Documents\lista-deseos\vendor\codeigniter4\framework\system\Database\MySQLi\Connection.php:292
Stack trace:
#0 C:\Users\Victor\Documents\lista-deseos\vendor\codeigniter4\framework\system\Database\MySQLi\Connection.php(292): mysqli->query('UPDATE `wish` S...', 0)
#1 C:\Users\Victor\Documents\lista-deseos\vendor\codeigniter4\framework\system\Database\BaseConnection.php(666): CodeIgniter\Database\MySQLi\Connection->execute('UPDATE `wish` S...')
#2 C:\Users\Victor\Documents\lista-deseos\vendor\codeigniter4\framework\system\Database\BaseConnection.php(593): CodeIgniter\Database\BaseConnection->simpleQuery('UPDATE `wish` S...')
#3 C:\Users\Victor\Documents\lista-deseos\vendor\codeigniter4\framework\system\Database\BaseBuilder.php(2079): CodeIgniter\Database\BaseConnection->query('UPDATE `wish` S...', Array, false)
#4 C:\Users\Victor\Documents\lista-deseos\app\Models\UsersModel.php(62): CodeIgniter\Database\BaseBuilder->update('wish', 'test de wishlis...')
#5 C:\Users\Victor\Documents\lista-deseos\app\Models\UsersModel.php(55): App\Models\UsersModel->updateWish(Array)
#6 C:\Users\Victor\Documents\lista-deseos\app\Controllers\Users.php(46): App\Models\UsersModel->checkWish(Array)
#7 C:\Users\Victor\Documents\lista-deseos\vendor\codeigniter4\framework\system\CodeIgniter.php(927): App\Controllers\Users->setWish()
#8 C:\Users\Victor\Documents\lista-deseos\vendor\codeigniter4\framework\system\CodeIgniter.php(482): CodeIgniter\CodeIgniter->runController(Object(App\Controllers\Users))
#9 C:\Users\Victor\Documents\lista-deseos\vendor\codeigniter4\framework\system\CodeIgniter.php(351): CodeIgniter\CodeIgniter->handleRequest(NULL, Object(Config\Cache), false)
#10 C:\Users\Victor\Documents\lista-deseos\public\index.php(67): CodeIgniter\CodeIgniter->run()
#11 C:\Users\Victor\Documents\lista-deseos\vendor\codeigniter4\framework\system\Commands\Server\rewrite.php(46): require_once('C:\\Users\\Victor...')
#12 {main}
CRITICAL - 2022-12-02 12:36:31 --> You have an error in your SQL syntax; check the manual that corresponds to your MariaDB server version for the right syntax to use near 'de wishlist' at line 3
in SYSTEMPATH\Database\MySQLi\Connection.php on line 292.
 1 SYSTEMPATH\Database\MySQLi\Connection.php(292): mysqli->query('UPDATE `wish` SET `wish` = \'\'
WHERE `id_usuario` = \'1\'
AND test de wishlist', 0)
 2 SYSTEMPATH\Database\BaseConnection.php(666): CodeIgniter\Database\MySQLi\Connection->execute('UPDATE `wish` SET `wish` = \'\'
WHERE `id_usuario` = \'1\'
AND test de wishlist')
 3 SYSTEMPATH\Database\BaseConnection.php(593): CodeIgniter\Database\BaseConnection->simpleQuery('UPDATE `wish` SET `wish` = \'\'
WHERE `id_usuario` = \'1\'
AND test de wishlist')
 4 SYSTEMPATH\Database\BaseBuilder.php(2079): CodeIgniter\Database\BaseConnection->query('UPDATE `wish` SET `wish` = :wish:
WHERE `id_usuario` = :id_usuario:
AND test de wishlist', [...], false)
 5 APPPATH\Models\UsersModel.php(62): CodeIgniter\Database\BaseBuilder->update('wish', 'test de wishlist')
 6 APPPATH\Models\UsersModel.php(55): App\Models\UsersModel->updateWish([...])
 7 APPPATH\Controllers\Users.php(46): App\Models\UsersModel->checkWish([...])
 8 SYSTEMPATH\CodeIgniter.php(927): App\Controllers\Users->setWish()
 9 SYSTEMPATH\CodeIgniter.php(482): CodeIgniter\CodeIgniter->runController(Object(App\Controllers\Users))
10 SYSTEMPATH\CodeIgniter.php(351): CodeIgniter\CodeIgniter->handleRequest(null, Object(Config\Cache), false)
11 FCPATH\index.php(67): CodeIgniter\CodeIgniter->run()
12 SYSTEMPATH\Commands\Server\rewrite.php(46): require_once('FCPATH\\index.php')
ERROR - 2022-12-02 12:39:15 --> mysqli_sql_exception: You have an error in your SQL syntax; check the manual that corresponds to your MariaDB server version for the right syntax to use near 'de wishlist' at line 3 in C:\Users\Victor\Documents\lista-deseos\vendor\codeigniter4\framework\system\Database\MySQLi\Connection.php:292
Stack trace:
#0 C:\Users\Victor\Documents\lista-deseos\vendor\codeigniter4\framework\system\Database\MySQLi\Connection.php(292): mysqli->query('UPDATE `wish` S...', 0)
#1 C:\Users\Victor\Documents\lista-deseos\vendor\codeigniter4\framework\system\Database\BaseConnection.php(666): CodeIgniter\Database\MySQLi\Connection->execute('UPDATE `wish` S...')
#2 C:\Users\Victor\Documents\lista-deseos\vendor\codeigniter4\framework\system\Database\BaseConnection.php(593): CodeIgniter\Database\BaseConnection->simpleQuery('UPDATE `wish` S...')
#3 C:\Users\Victor\Documents\lista-deseos\vendor\codeigniter4\framework\system\Database\BaseBuilder.php(2079): CodeIgniter\Database\BaseConnection->query('UPDATE `wish` S...', Array, false)
#4 C:\Users\Victor\Documents\lista-deseos\app\Models\UsersModel.php(62): CodeIgniter\Database\BaseBuilder->update('wish', 'test de wishlis...')
#5 C:\Users\Victor\Documents\lista-deseos\app\Models\UsersModel.php(55): App\Models\UsersModel->updateWish(Array)
#6 C:\Users\Victor\Documents\lista-deseos\app\Controllers\Users.php(46): App\Models\UsersModel->checkWish(Array)
#7 C:\Users\Victor\Documents\lista-deseos\vendor\codeigniter4\framework\system\CodeIgniter.php(927): App\Controllers\Users->setWish()
#8 C:\Users\Victor\Documents\lista-deseos\vendor\codeigniter4\framework\system\CodeIgniter.php(482): CodeIgniter\CodeIgniter->runController(Object(App\Controllers\Users))
#9 C:\Users\Victor\Documents\lista-deseos\vendor\codeigniter4\framework\system\CodeIgniter.php(351): CodeIgniter\CodeIgniter->handleRequest(NULL, Object(Config\Cache), false)
#10 C:\Users\Victor\Documents\lista-deseos\public\index.php(67): CodeIgniter\CodeIgniter->run()
#11 C:\Users\Victor\Documents\lista-deseos\vendor\codeigniter4\framework\system\Commands\Server\rewrite.php(46): require_once('C:\\Users\\Victor...')
#12 {main}
CRITICAL - 2022-12-02 12:39:15 --> You have an error in your SQL syntax; check the manual that corresponds to your MariaDB server version for the right syntax to use near 'de wishlist' at line 3
in SYSTEMPATH\Database\MySQLi\Connection.php on line 292.
 1 SYSTEMPATH\Database\MySQLi\Connection.php(292): mysqli->query('UPDATE `wish` SET `wish` = \'\'
WHERE `id_usuario` = \'1\'
AND test de wishlist', 0)
 2 SYSTEMPATH\Database\BaseConnection.php(666): CodeIgniter\Database\MySQLi\Connection->execute('UPDATE `wish` SET `wish` = \'\'
WHERE `id_usuario` = \'1\'
AND test de wishlist')
 3 SYSTEMPATH\Database\BaseConnection.php(593): CodeIgniter\Database\BaseConnection->simpleQuery('UPDATE `wish` SET `wish` = \'\'
WHERE `id_usuario` = \'1\'
AND test de wishlist')
 4 SYSTEMPATH\Database\BaseBuilder.php(2079): CodeIgniter\Database\BaseConnection->query('UPDATE `wish` SET `wish` = :wish:
WHERE `id_usuario` = :id_usuario:
AND test de wishlist', [...], false)
 5 APPPATH\Models\UsersModel.php(62): CodeIgniter\Database\BaseBuilder->update('wish', 'test de wishlist')
 6 APPPATH\Models\UsersModel.php(55): App\Models\UsersModel->updateWish([...])
 7 APPPATH\Controllers\Users.php(46): App\Models\UsersModel->checkWish([...])
 8 SYSTEMPATH\CodeIgniter.php(927): App\Controllers\Users->setWish()
 9 SYSTEMPATH\CodeIgniter.php(482): CodeIgniter\CodeIgniter->runController(Object(App\Controllers\Users))
10 SYSTEMPATH\CodeIgniter.php(351): CodeIgniter\CodeIgniter->handleRequest(null, Object(Config\Cache), false)
11 FCPATH\index.php(67): CodeIgniter\CodeIgniter->run()
12 SYSTEMPATH\Commands\Server\rewrite.php(46): require_once('FCPATH\\index.php')
ERROR - 2022-12-02 12:42:13 --> mysqli_sql_exception: You have an error in your SQL syntax; check the manual that corresponds to your MariaDB server version for the right syntax to use near 'de wishlist' at line 3 in C:\Users\Victor\Documents\lista-deseos\vendor\codeigniter4\framework\system\Database\MySQLi\Connection.php:292
Stack trace:
#0 C:\Users\Victor\Documents\lista-deseos\vendor\codeigniter4\framework\system\Database\MySQLi\Connection.php(292): mysqli->query('UPDATE `wish` S...', 0)
#1 C:\Users\Victor\Documents\lista-deseos\vendor\codeigniter4\framework\system\Database\BaseConnection.php(666): CodeIgniter\Database\MySQLi\Connection->execute('UPDATE `wish` S...')
#2 C:\Users\Victor\Documents\lista-deseos\vendor\codeigniter4\framework\system\Database\BaseConnection.php(593): CodeIgniter\Database\BaseConnection->simpleQuery('UPDATE `wish` S...')
#3 C:\Users\Victor\Documents\lista-deseos\vendor\codeigniter4\framework\system\Database\BaseBuilder.php(2079): CodeIgniter\Database\BaseConnection->query('UPDATE `wish` S...', Array, false)
#4 C:\Users\Victor\Documents\lista-deseos\app\Models\UsersModel.php(62): CodeIgniter\Database\BaseBuilder->update('wish', 'test de wishlis...')
#5 C:\Users\Victor\Documents\lista-deseos\app\Models\UsersModel.php(55): App\Models\UsersModel->updateWish(Array)
#6 C:\Users\Victor\Documents\lista-deseos\app\Controllers\Users.php(46): App\Models\UsersModel->checkWish(Array)
#7 C:\Users\Victor\Documents\lista-deseos\vendor\codeigniter4\framework\system\CodeIgniter.php(927): App\Controllers\Users->setWish()
#8 C:\Users\Victor\Documents\lista-deseos\vendor\codeigniter4\framework\system\CodeIgniter.php(482): CodeIgniter\CodeIgniter->runController(Object(App\Controllers\Users))
#9 C:\Users\Victor\Documents\lista-deseos\vendor\codeigniter4\framework\system\CodeIgniter.php(351): CodeIgniter\CodeIgniter->handleRequest(NULL, Object(Config\Cache), false)
#10 C:\Users\Victor\Documents\lista-deseos\public\index.php(67): CodeIgniter\CodeIgniter->run()
#11 C:\Users\Victor\Documents\lista-deseos\vendor\codeigniter4\framework\system\Commands\Server\rewrite.php(46): require_once('C:\\Users\\Victor...')
#12 {main}
CRITICAL - 2022-12-02 12:42:13 --> You have an error in your SQL syntax; check the manual that corresponds to your MariaDB server version for the right syntax to use near 'de wishlist' at line 3
in SYSTEMPATH\Database\MySQLi\Connection.php on line 292.
 1 SYSTEMPATH\Database\MySQLi\Connection.php(292): mysqli->query('UPDATE `wish` SET `wish` = \'\'
WHERE `id_usuario` = \'1\'
AND test de wishlist', 0)
 2 SYSTEMPATH\Database\BaseConnection.php(666): CodeIgniter\Database\MySQLi\Connection->execute('UPDATE `wish` SET `wish` = \'\'
WHERE `id_usuario` = \'1\'
AND test de wishlist')
 3 SYSTEMPATH\Database\BaseConnection.php(593): CodeIgniter\Database\BaseConnection->simpleQuery('UPDATE `wish` SET `wish` = \'\'
WHERE `id_usuario` = \'1\'
AND test de wishlist')
 4 SYSTEMPATH\Database\BaseBuilder.php(2079): CodeIgniter\Database\BaseConnection->query('UPDATE `wish` SET `wish` = :wish:
WHERE `id_usuario` = :id_usuario:
AND test de wishlist', [...], false)
 5 APPPATH\Models\UsersModel.php(62): CodeIgniter\Database\BaseBuilder->update('wish', 'test de wishlist')
 6 APPPATH\Models\UsersModel.php(55): App\Models\UsersModel->updateWish([...])
 7 APPPATH\Controllers\Users.php(46): App\Models\UsersModel->checkWish([...])
 8 SYSTEMPATH\CodeIgniter.php(927): App\Controllers\Users->setWish()
 9 SYSTEMPATH\CodeIgniter.php(482): CodeIgniter\CodeIgniter->runController(Object(App\Controllers\Users))
10 SYSTEMPATH\CodeIgniter.php(351): CodeIgniter\CodeIgniter->handleRequest(null, Object(Config\Cache), false)
11 FCPATH\index.php(67): CodeIgniter\CodeIgniter->run()
12 SYSTEMPATH\Commands\Server\rewrite.php(46): require_once('FCPATH\\index.php')
CRITICAL - 2022-12-02 12:48:55 --> Undefined offset: 0
in APPPATH\Controllers\Users.php on line 34.
 1 APPPATH\Controllers\Users.php(34): CodeIgniter\Debug\Exceptions->errorHandler(8, 'Undefined offset: 0', 'APPPATH\\Controllers\\Users.php', 34, [...])
 2 SYSTEMPATH\CodeIgniter.php(927): App\Controllers\Users->lista()
 3 SYSTEMPATH\CodeIgniter.php(482): CodeIgniter\CodeIgniter->runController(Object(App\Controllers\Users))
 4 SYSTEMPATH\CodeIgniter.php(351): CodeIgniter\CodeIgniter->handleRequest(null, Object(Config\Cache), false)
 5 FCPATH\index.php(67): CodeIgniter\CodeIgniter->run()
 6 SYSTEMPATH\Commands\Server\rewrite.php(46): require_once('FCPATH\\index.php')
ERROR - 2022-12-02 12:49:50 --> mysqli_sql_exception: You have an error in your SQL syntax; check the manual that corresponds to your MariaDB server version for the right syntax to use near 'de texto en wishlist' at line 3 in C:\Users\Victor\Documents\lista-deseos\vendor\codeigniter4\framework\system\Database\MySQLi\Connection.php:292
Stack trace:
#0 C:\Users\Victor\Documents\lista-deseos\vendor\codeigniter4\framework\system\Database\MySQLi\Connection.php(292): mysqli->query('UPDATE `wish` S...', 0)
#1 C:\Users\Victor\Documents\lista-deseos\vendor\codeigniter4\framework\system\Database\BaseConnection.php(666): CodeIgniter\Database\MySQLi\Connection->execute('UPDATE `wish` S...')
#2 C:\Users\Victor\Documents\lista-deseos\vendor\codeigniter4\framework\system\Database\BaseConnection.php(593): CodeIgniter\Database\BaseConnection->simpleQuery('UPDATE `wish` S...')
#3 C:\Users\Victor\Documents\lista-deseos\vendor\codeigniter4\framework\system\Database\BaseBuilder.php(2079): CodeIgniter\Database\BaseConnection->query('UPDATE `wish` S...', Array, false)
#4 C:\Users\Victor\Documents\lista-deseos\app\Models\UsersModel.php(62): CodeIgniter\Database\BaseBuilder->update('wish', 'prueba de texto...')
#5 C:\Users\Victor\Documents\lista-deseos\app\Models\UsersModel.php(55): App\Models\UsersModel->updateWish(Array)
#6 C:\Users\Victor\Documents\lista-deseos\app\Controllers\Users.php(46): App\Models\UsersModel->checkWish(Array)
#7 C:\Users\Victor\Documents\lista-deseos\vendor\codeigniter4\framework\system\CodeIgniter.php(927): App\Controllers\Users->setWish()
#8 C:\Users\Victor\Documents\lista-deseos\vendor\codeigniter4\framework\system\CodeIgniter.php(482): CodeIgniter\CodeIgniter->runController(Object(App\Controllers\Users))
#9 C:\Users\Victor\Documents\lista-deseos\vendor\codeigniter4\framework\system\CodeIgniter.php(351): CodeIgniter\CodeIgniter->handleRequest(NULL, Object(Config\Cache), false)
#10 C:\Users\Victor\Documents\lista-deseos\public\index.php(67): CodeIgniter\CodeIgniter->run()
#11 C:\Users\Victor\Documents\lista-deseos\vendor\codeigniter4\framework\system\Commands\Server\rewrite.php(46): require_once('C:\\Users\\Victor...')
#12 {main}
CRITICAL - 2022-12-02 12:49:50 --> You have an error in your SQL syntax; check the manual that corresponds to your MariaDB server version for the right syntax to use near 'de texto en wishlist' at line 3
in SYSTEMPATH\Database\MySQLi\Connection.php on line 292.
 1 SYSTEMPATH\Database\MySQLi\Connection.php(292): mysqli->query('UPDATE `wish` SET `wish` = \'\'
WHERE `id_usuario` = \'1\'
AND prueba de texto en wishlist', 0)
 2 SYSTEMPATH\Database\BaseConnection.php(666): CodeIgniter\Database\MySQLi\Connection->execute('UPDATE `wish` SET `wish` = \'\'
WHERE `id_usuario` = \'1\'
AND prueba de texto en wishlist')
 3 SYSTEMPATH\Database\BaseConnection.php(593): CodeIgniter\Database\BaseConnection->simpleQuery('UPDATE `wish` SET `wish` = \'\'
WHERE `id_usuario` = \'1\'
AND prueba de texto en wishlist')
 4 SYSTEMPATH\Database\BaseBuilder.php(2079): CodeIgniter\Database\BaseConnection->query('UPDATE `wish` SET `wish` = :wish:
WHERE `id_usuario` = :id_usuario:
AND prueba de texto en wishlist', [...], false)
 5 APPPATH\Models\UsersModel.php(62): CodeIgniter\Database\BaseBuilder->update('wish', 'prueba de texto en wishlist')
 6 APPPATH\Models\UsersModel.php(55): App\Models\UsersModel->updateWish([...])
 7 APPPATH\Controllers\Users.php(46): App\Models\UsersModel->checkWish([...])
 8 SYSTEMPATH\CodeIgniter.php(927): App\Controllers\Users->setWish()
 9 SYSTEMPATH\CodeIgniter.php(482): CodeIgniter\CodeIgniter->runController(Object(App\Controllers\Users))
10 SYSTEMPATH\CodeIgniter.php(351): CodeIgniter\CodeIgniter->handleRequest(null, Object(Config\Cache), false)
11 FCPATH\index.php(67): CodeIgniter\CodeIgniter->run()
12 SYSTEMPATH\Commands\Server\rewrite.php(46): require_once('FCPATH\\index.php')
ERROR - 2022-12-02 12:55:32 --> mysqli_sql_exception: You have an error in your SQL syntax; check the manual that corresponds to your MariaDB server version for the right syntax to use near 'de prueba de wishlist' at line 3 in C:\Users\Victor\Documents\lista-deseos\vendor\codeigniter4\framework\system\Database\MySQLi\Connection.php:292
Stack trace:
#0 C:\Users\Victor\Documents\lista-deseos\vendor\codeigniter4\framework\system\Database\MySQLi\Connection.php(292): mysqli->query('UPDATE `wish` S...', 0)
#1 C:\Users\Victor\Documents\lista-deseos\vendor\codeigniter4\framework\system\Database\BaseConnection.php(666): CodeIgniter\Database\MySQLi\Connection->execute('UPDATE `wish` S...')
#2 C:\Users\Victor\Documents\lista-deseos\vendor\codeigniter4\framework\system\Database\BaseConnection.php(593): CodeIgniter\Database\BaseConnection->simpleQuery('UPDATE `wish` S...')
#3 C:\Users\Victor\Documents\lista-deseos\vendor\codeigniter4\framework\system\Database\BaseBuilder.php(2079): CodeIgniter\Database\BaseConnection->query('UPDATE `wish` S...', Array, false)
#4 C:\Users\Victor\Documents\lista-deseos\app\Models\UsersModel.php(62): CodeIgniter\Database\BaseBuilder->update('wish', 'texto de prueba...')
#5 C:\Users\Victor\Documents\lista-deseos\app\Models\UsersModel.php(55): App\Models\UsersModel->updateWish(Array)
#6 C:\Users\Victor\Documents\lista-deseos\app\Controllers\Users.php(47): App\Models\UsersModel->checkWish(Array)
#7 C:\Users\Victor\Documents\lista-deseos\vendor\codeigniter4\framework\system\CodeIgniter.php(927): App\Controllers\Users->setWish()
#8 C:\Users\Victor\Documents\lista-deseos\vendor\codeigniter4\framework\system\CodeIgniter.php(482): CodeIgniter\CodeIgniter->runController(Object(App\Controllers\Users))
#9 C:\Users\Victor\Documents\lista-deseos\vendor\codeigniter4\framework\system\CodeIgniter.php(351): CodeIgniter\CodeIgniter->handleRequest(NULL, Object(Config\Cache), false)
#10 C:\Users\Victor\Documents\lista-deseos\public\index.php(67): CodeIgniter\CodeIgniter->run()
#11 C:\Users\Victor\Documents\lista-deseos\vendor\codeigniter4\framework\system\Commands\Server\rewrite.php(46): require_once('C:\\Users\\Victor...')
#12 {main}
CRITICAL - 2022-12-02 12:55:32 --> You have an error in your SQL syntax; check the manual that corresponds to your MariaDB server version for the right syntax to use near 'de prueba de wishlist' at line 3
in SYSTEMPATH\Database\MySQLi\Connection.php on line 292.
 1 SYSTEMPATH\Database\MySQLi\Connection.php(292): mysqli->query('UPDATE `wish` SET `wish` = \'\'
WHERE `id_usuario` = \'1\'
AND texto de prueba de wishlist', 0)
 2 SYSTEMPATH\Database\BaseConnection.php(666): CodeIgniter\Database\MySQLi\Connection->execute('UPDATE `wish` SET `wish` = \'\'
WHERE `id_usuario` = \'1\'
AND texto de prueba de wishlist')
 3 SYSTEMPATH\Database\BaseConnection.php(593): CodeIgniter\Database\BaseConnection->simpleQuery('UPDATE `wish` SET `wish` = \'\'
WHERE `id_usuario` = \'1\'
AND texto de prueba de wishlist')
 4 SYSTEMPATH\Database\BaseBuilder.php(2079): CodeIgniter\Database\BaseConnection->query('UPDATE `wish` SET `wish` = :wish:
WHERE `id_usuario` = :id_usuario:
AND texto de prueba de wishlist', [...], false)
 5 APPPATH\Models\UsersModel.php(62): CodeIgniter\Database\BaseBuilder->update('wish', 'texto de prueba de wishlist')
 6 APPPATH\Models\UsersModel.php(55): App\Models\UsersModel->updateWish([...])
 7 APPPATH\Controllers\Users.php(47): App\Models\UsersModel->checkWish([...])
 8 SYSTEMPATH\CodeIgniter.php(927): App\Controllers\Users->setWish()
 9 SYSTEMPATH\CodeIgniter.php(482): CodeIgniter\CodeIgniter->runController(Object(App\Controllers\Users))
10 SYSTEMPATH\CodeIgniter.php(351): CodeIgniter\CodeIgniter->handleRequest(null, Object(Config\Cache), false)
11 FCPATH\index.php(67): CodeIgniter\CodeIgniter->run()
12 SYSTEMPATH\Commands\Server\rewrite.php(46): require_once('FCPATH\\index.php')
ERROR - 2022-12-02 13:03:12 --> mysqli_sql_exception: You have an error in your SQL syntax; check the manual that corresponds to your MariaDB server version for the right syntax to use near 'de texto en wishlist' at line 3 in C:\Users\Victor\Documents\lista-deseos\vendor\codeigniter4\framework\system\Database\MySQLi\Connection.php:292
Stack trace:
#0 C:\Users\Victor\Documents\lista-deseos\vendor\codeigniter4\framework\system\Database\MySQLi\Connection.php(292): mysqli->query('UPDATE `wish` S...', 0)
#1 C:\Users\Victor\Documents\lista-deseos\vendor\codeigniter4\framework\system\Database\BaseConnection.php(666): CodeIgniter\Database\MySQLi\Connection->execute('UPDATE `wish` S...')
#2 C:\Users\Victor\Documents\lista-deseos\vendor\codeigniter4\framework\system\Database\BaseConnection.php(593): CodeIgniter\Database\BaseConnection->simpleQuery('UPDATE `wish` S...')
#3 C:\Users\Victor\Documents\lista-deseos\vendor\codeigniter4\framework\system\Database\BaseBuilder.php(2079): CodeIgniter\Database\BaseConnection->query('UPDATE `wish` S...', Array, false)
#4 C:\Users\Victor\Documents\lista-deseos\app\Models\UsersModel.php(62): CodeIgniter\Database\BaseBuilder->update('wish', 'prueba de texto...')
#5 C:\Users\Victor\Documents\lista-deseos\app\Models\UsersModel.php(55): App\Models\UsersModel->updateWish(Array)
#6 C:\Users\Victor\Documents\lista-deseos\app\Controllers\Users.php(47): App\Models\UsersModel->checkWish(Array)
#7 C:\Users\Victor\Documents\lista-deseos\vendor\codeigniter4\framework\system\CodeIgniter.php(927): App\Controllers\Users->setWish()
#8 C:\Users\Victor\Documents\lista-deseos\vendor\codeigniter4\framework\system\CodeIgniter.php(482): CodeIgniter\CodeIgniter->runController(Object(App\Controllers\Users))
#9 C:\Users\Victor\Documents\lista-deseos\vendor\codeigniter4\framework\system\CodeIgniter.php(351): CodeIgniter\CodeIgniter->handleRequest(NULL, Object(Config\Cache), false)
#10 C:\Users\Victor\Documents\lista-deseos\public\index.php(67): CodeIgniter\CodeIgniter->run()
#11 C:\Users\Victor\Documents\lista-deseos\vendor\codeigniter4\framework\system\Commands\Server\rewrite.php(46): require_once('C:\\Users\\Victor...')
#12 {main}
CRITICAL - 2022-12-02 13:03:12 --> You have an error in your SQL syntax; check the manual that corresponds to your MariaDB server version for the right syntax to use near 'de texto en wishlist' at line 3
in SYSTEMPATH\Database\MySQLi\Connection.php on line 292.
 1 SYSTEMPATH\Database\MySQLi\Connection.php(292): mysqli->query('UPDATE `wish` SET `wish` = \'\'
WHERE `id_usuario` = \'1\'
AND prueba de texto en wishlist', 0)
 2 SYSTEMPATH\Database\BaseConnection.php(666): CodeIgniter\Database\MySQLi\Connection->execute('UPDATE `wish` SET `wish` = \'\'
WHERE `id_usuario` = \'1\'
AND prueba de texto en wishlist')
 3 SYSTEMPATH\Database\BaseConnection.php(593): CodeIgniter\Database\BaseConnection->simpleQuery('UPDATE `wish` SET `wish` = \'\'
WHERE `id_usuario` = \'1\'
AND prueba de texto en wishlist')
 4 SYSTEMPATH\Database\BaseBuilder.php(2079): CodeIgniter\Database\BaseConnection->query('UPDATE `wish` SET `wish` = :wish:
WHERE `id_usuario` = :id_usuario:
AND prueba de texto en wishlist', [...], false)
 5 APPPATH\Models\UsersModel.php(62): CodeIgniter\Database\BaseBuilder->update('wish', 'prueba de texto en wishlist')
 6 APPPATH\Models\UsersModel.php(55): App\Models\UsersModel->updateWish([...])
 7 APPPATH\Controllers\Users.php(47): App\Models\UsersModel->checkWish([...])
 8 SYSTEMPATH\CodeIgniter.php(927): App\Controllers\Users->setWish()
 9 SYSTEMPATH\CodeIgniter.php(482): CodeIgniter\CodeIgniter->runController(Object(App\Controllers\Users))
10 SYSTEMPATH\CodeIgniter.php(351): CodeIgniter\CodeIgniter->handleRequest(null, Object(Config\Cache), false)
11 FCPATH\index.php(67): CodeIgniter\CodeIgniter->run()
12 SYSTEMPATH\Commands\Server\rewrite.php(46): require_once('FCPATH\\index.php')
ERROR - 2022-12-02 13:03:59 --> mysqli_sql_exception: You have an error in your SQL syntax; check the manual that corresponds to your MariaDB server version for the right syntax to use near 'wefwerf wer werwe' at line 3 in C:\Users\Victor\Documents\lista-deseos\vendor\codeigniter4\framework\system\Database\MySQLi\Connection.php:292
Stack trace:
#0 C:\Users\Victor\Documents\lista-deseos\vendor\codeigniter4\framework\system\Database\MySQLi\Connection.php(292): mysqli->query('UPDATE `wish` S...', 0)
#1 C:\Users\Victor\Documents\lista-deseos\vendor\codeigniter4\framework\system\Database\BaseConnection.php(666): CodeIgniter\Database\MySQLi\Connection->execute('UPDATE `wish` S...')
#2 C:\Users\Victor\Documents\lista-deseos\vendor\codeigniter4\framework\system\Database\BaseConnection.php(593): CodeIgniter\Database\BaseConnection->simpleQuery('UPDATE `wish` S...')
#3 C:\Users\Victor\Documents\lista-deseos\vendor\codeigniter4\framework\system\Database\BaseBuilder.php(2079): CodeIgniter\Database\BaseConnection->query('UPDATE `wish` S...', Array, false)
#4 C:\Users\Victor\Documents\lista-deseos\app\Models\UsersModel.php(62): CodeIgniter\Database\BaseBuilder->update('wish', 'sdfsdf wefwerf ...')
#5 C:\Users\Victor\Documents\lista-deseos\app\Models\UsersModel.php(55): App\Models\UsersModel->updateWish(Array)
#6 C:\Users\Victor\Documents\lista-deseos\app\Controllers\Users.php(47): App\Models\UsersModel->checkWish(Array)
#7 C:\Users\Victor\Documents\lista-deseos\vendor\codeigniter4\framework\system\CodeIgniter.php(927): App\Controllers\Users->setWish()
#8 C:\Users\Victor\Documents\lista-deseos\vendor\codeigniter4\framework\system\CodeIgniter.php(482): CodeIgniter\CodeIgniter->runController(Object(App\Controllers\Users))
#9 C:\Users\Victor\Documents\lista-deseos\vendor\codeigniter4\framework\system\CodeIgniter.php(351): CodeIgniter\CodeIgniter->handleRequest(NULL, Object(Config\Cache), false)
#10 C:\Users\Victor\Documents\lista-deseos\public\index.php(67): CodeIgniter\CodeIgniter->run()
#11 C:\Users\Victor\Documents\lista-deseos\vendor\codeigniter4\framework\system\Commands\Server\rewrite.php(46): require_once('C:\\Users\\Victor...')
#12 {main}
CRITICAL - 2022-12-02 13:03:59 --> You have an error in your SQL syntax; check the manual that corresponds to your MariaDB server version for the right syntax to use near 'wefwerf wer werwe' at line 3
in SYSTEMPATH\Database\MySQLi\Connection.php on line 292.
 1 SYSTEMPATH\Database\MySQLi\Connection.php(292): mysqli->query('UPDATE `wish` SET `wish` = \'\'
WHERE `id_usuario` = \'1\'
AND sdfsdf wefwerf wer werwe', 0)
 2 SYSTEMPATH\Database\BaseConnection.php(666): CodeIgniter\Database\MySQLi\Connection->execute('UPDATE `wish` SET `wish` = \'\'
WHERE `id_usuario` = \'1\'
AND sdfsdf wefwerf wer werwe')
 3 SYSTEMPATH\Database\BaseConnection.php(593): CodeIgniter\Database\BaseConnection->simpleQuery('UPDATE `wish` SET `wish` = \'\'
WHERE `id_usuario` = \'1\'
AND sdfsdf wefwerf wer werwe')
 4 SYSTEMPATH\Database\BaseBuilder.php(2079): CodeIgniter\Database\BaseConnection->query('UPDATE `wish` SET `wish` = :wish:
WHERE `id_usuario` = :id_usuario:
AND sdfsdf wefwerf wer werwe', [...], false)
 5 APPPATH\Models\UsersModel.php(62): CodeIgniter\Database\BaseBuilder->update('wish', 'sdfsdf wefwerf wer werwe')
 6 APPPATH\Models\UsersModel.php(55): App\Models\UsersModel->updateWish([...])
 7 APPPATH\Controllers\Users.php(47): App\Models\UsersModel->checkWish([...])
 8 SYSTEMPATH\CodeIgniter.php(927): App\Controllers\Users->setWish()
 9 SYSTEMPATH\CodeIgniter.php(482): CodeIgniter\CodeIgniter->runController(Object(App\Controllers\Users))
10 SYSTEMPATH\CodeIgniter.php(351): CodeIgniter\CodeIgniter->handleRequest(null, Object(Config\Cache), false)
11 FCPATH\index.php(67): CodeIgniter\CodeIgniter->run()
12 SYSTEMPATH\Commands\Server\rewrite.php(46): require_once('FCPATH\\index.php')
CRITICAL - 2022-12-02 13:46:28 --> Undefined offset: 0
in APPPATH\Controllers\Users.php on line 34.
 1 APPPATH\Controllers\Users.php(34): CodeIgniter\Debug\Exceptions->errorHandler(8, 'Undefined offset: 0', 'APPPATH\\Controllers\\Users.php', 34, [...])
 2 SYSTEMPATH\CodeIgniter.php(927): App\Controllers\Users->lista()
 3 SYSTEMPATH\CodeIgniter.php(482): CodeIgniter\CodeIgniter->runController(Object(App\Controllers\Users))
 4 SYSTEMPATH\CodeIgniter.php(351): CodeIgniter\CodeIgniter->handleRequest(null, Object(Config\Cache), false)
 5 FCPATH\index.php(67): CodeIgniter\CodeIgniter->run()
 6 SYSTEMPATH\Commands\Server\rewrite.php(46): require_once('FCPATH\\index.php')
CRITICAL - 2022-12-02 13:48:46 --> Undefined offset: 0
in APPPATH\Controllers\Users.php on line 34.
 1 APPPATH\Controllers\Users.php(34): CodeIgniter\Debug\Exceptions->errorHandler(8, 'Undefined offset: 0', 'APPPATH\\Controllers\\Users.php', 34, [...])
 2 SYSTEMPATH\CodeIgniter.php(927): App\Controllers\Users->lista()
 3 SYSTEMPATH\CodeIgniter.php(482): CodeIgniter\CodeIgniter->runController(Object(App\Controllers\Users))
 4 SYSTEMPATH\CodeIgniter.php(351): CodeIgniter\CodeIgniter->handleRequest(null, Object(Config\Cache), false)
 5 FCPATH\index.php(67): CodeIgniter\CodeIgniter->run()
 6 SYSTEMPATH\Commands\Server\rewrite.php(46): require_once('FCPATH\\index.php')
CRITICAL - 2022-12-02 13:49:29 --> Array to string conversion
in APPPATH\Views\Users\miListaView.php on line 22.
 1 APPPATH\Views\Users\miListaView.php(22): CodeIgniter\Debug\Exceptions->errorHandler(8, 'Array to string conversion', 'APPPATH\\Views\\Users\\miListaView.php', 22, [...])
 2 SYSTEMPATH\View\View.php(213): include('APPPATH\\Views\\Users\\miListaView.php')
 3 SYSTEMPATH\View\View.php(216): CodeIgniter\View\View->CodeIgniter\View\{closure}()
 4 SYSTEMPATH\Common.php(1134): CodeIgniter\View\View->render('Users/miListaView', [], true)
 5 APPPATH\Controllers\Users.php(34): view('Users/miListaView', [...])
 6 SYSTEMPATH\CodeIgniter.php(927): App\Controllers\Users->lista()
 7 SYSTEMPATH\CodeIgniter.php(482): CodeIgniter\CodeIgniter->runController(Object(App\Controllers\Users))
 8 SYSTEMPATH\CodeIgniter.php(351): CodeIgniter\CodeIgniter->handleRequest(null, Object(Config\Cache), false)
 9 FCPATH\index.php(67): CodeIgniter\CodeIgniter->run()
10 SYSTEMPATH\Commands\Server\rewrite.php(46): require_once('FCPATH\\index.php')
